-----BEGIN PGP MESSAGE-----
Version: BCPG v1.52

owJ4nAHKAjX9kA0DAAoBNKLO2cxasyIBy4tiF2xpY2Vuc2VGaWxlTmFtZS1JZ25v
cmVkV6r8SiMtLSBsaWNlbnNlIGZpbGUKI1dlZCBBdWcgMTAgMTU6MzQ6NTcgSVNU
IDIwMTYKZXhwaXJ5RGF0ZT0yMDE3LTA4LTE1CmVkaXRpb249aW50ZXJuYWx1c2UK
aXNzdWVEYXRlPTIwMTctMDctMTAKiQIrBAABCgAVBQJXqvxKDhxWaXBpbkFncmF3
YWwzAAoJEDSiztnMWrMie78P/2461L4ypMofjZgjFV6zTGj7E3ixgLXLvcaVlbyF
+70yfCBo80l4OLUNr9eddMjcFDYXJYByvBzCmvdfi7NdM2WWjt0AvTIBHP5imzZO
aBcJmcf06NN3JfKONf3XhKS1ubcjtIJdtRWYiw5Isx3YgrY8S9lsS/HZd7bz0S7u
DWkvGzNdxlU8ejmXCn6VFRa3tx6OuCIxR3zr1PokcRAk3SzrNQvse2P5vzg7CH1h
BV/4i0wKzvBnZrv60jjp95zBVfJ7kEhjVKH0ijCVYTf7Ieq3Fe/zzAvr1bjy/RVG
o4UVzDG2R02Q+nvOtqKn3o3fzcqLxjU8NSA4bOKJA/sOamRiW/UqoWJ1Lzb0yHpI
6mNnRBOSmuUfzTS1h3NkIKq6oaEs2oQdLjgCEKhIAMU/FiZZ0Q1l9hoOozE2rSET
NOXvd6gBSb1Ezfe8e/NwveBThy/+DqpMUGzXBgnK7lBZls9YH8frf8EzJj0VYkMo
AQl1vvxFCxicEjUDTQRpYGRFy2GWgVS/sj8R4pahX97t3vqljeW6QdB6upgCfPk/
1GaeiY9pzQw5VbYbo94ajDwZBRsU3qXEFpGgmvPDsKuyX8kMon79E5sBDULZuVeC
VOWuacDzULirYIv4ljqLR4MogzsrOVVJOLl5yrxmY2Zh5G/KO2i8LBdJyg/JRDNg
h9sRGMM7Cw==
=Pakh
-----END PGP MESSAGE-----
