-----BEGIN PGP MESSAGE-----
Version: BCPG v1.52

owJ4nAHEAjv9kA0DAAoBNKLO2cxasyIBy4ViF2xpY2Vuc2VGaWxlTmFtZS1JZ25v
cmVkV5GPwiMtLSBsaWNlbnNlIGZpbGUKI0ZyaSBKdWwgMjIgMDg6NDU6MTQgSVNU
IDIwMTYKZXhwaXJ5RGF0ZT0yMDE2LTA4LTE1CmVkaXRpb249dHJpYWwKaXNzdWVE
YXRlPTIwMTYtMDctMjIKiQIrBAABCgAVBQJXkY/CDhxWaXBpbkFncmF3YWwzAAoJ
EDSiztnMWrMiglQP/0dn6lHzLImBGEX+FCry3hqxQOqMM8RQ2NgrwKY5lh3GE+ue
K2rahw5IP5c5SqLo1Fww9H7tkcW0IRH1b/SGBnqJyr4+cxGMyh8RapblWicf/vKG
nBk7DMomo7THeTRkegsxGHBb0ChHT8woYY5IceuofSU+Z72dBAHrGh4my/0Slft9
mt7FdP0HzoGnmQc4od/L8xbgMAhICNSD0Qs1Hceo+nRXXznrZrWipsKRld/mzrHC
Q7dPU8bpHG4qVYtq/O8Z6uT+HzmomD8UO2i8uvRqpXw9ytGqNDwLZu9xDIMu5Its
lJSVSMC5tYikmQ9OF/SMV2pDzayzSm8A4+BA8Q0ovsk7OhE7fzMhIA9Ey6C9JmKf
3VAlYg2s2H7P/4HNEP6W3jneC9olaF6kslrsnfNvHC4PgC5OlE9HjI0D2ApPnSaP
axtdgj9C8ExievsiVnf5SuyYqVNtyWwXHtIvbEazU63CMtj2ZKBQMf6I5V0sBw8K
0D2fi1zxricW+vUFSqnI+X4GolkM3yI3GsKM8Siv7GZFjEUPJt30hB4Vfr/e9qjP
oDRRx4tWwObB7MCoxfNXb5jWSVDumuIU5DlzH28k65IrrWPretrJdQ1Wg3gNvvJ1
KPC3cfJeTfGW6aWCoXbgGUQF/P0ujQVlA5eCpDMKFm4WOMsCTat/ky+ELDsdaxY5
Xg==
=MKde
-----END PGP MESSAGE-----
