-----BEGIN PGP MESSAGE-----
Version: BCPG v1.52

owJ4nAHGAjn9kA0DAAoBNKLO2cxasyIBy4diF2xpY2Vuc2VGaWxlTmFtZS1JZ25v
cmVkV6r91iMtLSBsaWNlbnNlIGZpbGUKI1dlZCBBdWcgMTAgMTU6NDE6MzMgSVNU
IDIwMTYKZXhwaXJ5RGF0ZT0yMDE2LTA5LTE1CmVkaXRpb249R0h0cmlhbAppc3N1
ZURhdGU9MjAxNy0wNy0xMAqJAisEAAEKABUFAleq/dYOHFZpcGluQWdyYXdhbDMA
CgkQNKLO2cxasyIXHw//Qj6XOiyrkU/GB5ut6tMbEd3bZjetW6wJqbuHXOW7XgRJ
JSRW7Zas/a+R1CBj5tuDssSXp7LimLyr3m9b1cSebY1fKq0YMwAKYHNdnKsa6c7Q
mw8sRPqP9vusrxmHR6L4NJHzKSigCTIfhnb1p21lRvWW4DSBCwqpyDxtQj56lo13
tgkP2S4dix85oobEZcGfZCDdhTLhb5NIB3vdIm4TsYE8Jt6SeFrD/vnQhL0uI9Rl
vI1uSkKMC9AKzGu+vKxQiu/tScGQXM8QDY1T7R5QFpWKIDh8xiO2HBZRIoqRaA5l
dcieBCLTqM1TALsj+Gblz0nvzvUURBfOwnfy48+2prAR1bms5KpsvkujIaAE8Khr
dfncTWJjHRSFRIownMD2GSIXrGO7ofjaC7X8oOVVIZ1rHeNCtbSt/c/Wug9OxvgP
5cgVTwNs9uA7RqVzg6nVAOeY1hssCAptXvNC8HmgrI1XQ4CmvWw1pUn3LrVuQs7R
kmM1tcq6wyYRLjBg6cFf33PNUQVDSjpVXIAGjrT0rmdt1XoAwbDEBWvcubjtvlGN
qGo5k4byuO5WLPedkrpqr/jP1GW+k8rNJbZcxCqBHavWAO6+ttFaAjkQiajUbdit
H7cn30gdieLftQFmaKCQTgVFs+FvevcWzmTBdbTsZqYjaEA+IGeeGKBKCJTSpCXf
T0Mr
=10Nj
-----END PGP MESSAGE-----
